<?xml version="1.0" encoding="UTF-8"?>
<!-- Generated by org.testng.reporters.JUnitReportReporter -->
<testsuite hostname="EN911729" failures="0" tests="1" name="SumValidation" time="1.645" errors="0" timestamp="2022-03-10T16:24:33 COT" skipped="0">
  <testcase classname="SumValidation" name="sumOfCourses" time="1.645"/>
  <system-out/>
</testsuite> <!-- SumValidation -->
