<?xml version="1.0" encoding="UTF-8"?>
<!-- Generated by org.testng.reporters.JUnitReportReporter -->
<testsuite hostname="EN911729" failures="0" tests="6" name="DynamicJson" time="5.092" errors="0" timestamp="2022-03-18T09:27:35 COT" skipped="0">
  <testcase classname="DynamicJson" name="AddBook" time="0.591"/>
  <system-out/>
  <testcase classname="DynamicJson" name="AddBook" time="0.589"/>
  <system-out/>
  <testcase classname="DynamicJson" name="DeleteBook" time="0.575"/>
  <system-out/>
  <testcase classname="DynamicJson" name="DeleteBook" time="0.964"/>
  <system-out/>
  <testcase classname="DynamicJson" name="DeleteBook" time="0.582"/>
  <system-out/>
  <testcase classname="DynamicJson" name="AddBook" time="1.791"/>
  <system-out/>
</testsuite> <!-- DynamicJson -->
